Using pre-set license
Built from '2021.1/staging' branch; Version is '2021.1.3f1 (4bef613afd59) revision 4976481'; Using compiler version '192528614'; Build Type 'Release'
OS: 'Windows 10 Home; OS build 19043.1466; Version 2009; 64bit' Language: 'ja' Physical Memory: 7909 MB
BatchMode: 1, IsHumanControllingUs: 0, StartBugReporterOnCrash: 0, Is64bit: 1, IsPro: 0

 COMMAND LINE ARGUMENTS:
C:\Users\2021.1.3f1\Editor\Unity.exe
-adb2
-batchMode
-noUpm
-name
AssetImportWorker0
-projectPath
C:/Users/佐藤航介/Documents/GitHub/Team-Ice/GGJ_Team_Ice
-logFile
Logs/AssetImportWorker0.log
-srvPort
55183
Successfully changed project path to: C:/Users/佐藤航介/Documents/GitHub/Team-Ice/GGJ_Team_Ice
C:/Users/佐藤航介/Documents/GitHub/Team-Ice/GGJ_Team_Ice
Using Asset Import Pipeline V2.
Refreshing native plugins compatible for Editor in 125.99 ms, found 1 plugins.
Preloading 0 native plugins for Editor in 0.00 ms.
Initialize engine version: 2021.1.3f1 (4bef613afd59)
[Subsystems] Discovering subsystems at path C:/Users/2021.1.3f1/Editor/Data/Resources/UnitySubsystems
[Subsystems] Discovering subsystems at path C:/Users/佐藤航介/Documents/GitHub/Team-Ice/GGJ_Team_Ice/Assets
GfxDevice: creating device client; threaded=0; jobified=0
Direct3D:
    Version:  Direct3D 11.0 [level 11.1]
    Renderer: Intel(R) UHD Graphics 620 (ID=0x3ea0)
    Vendor:   Intel
    VRAM:     3954 MB
    Driver:   26.20.100.6911
Initialize mono
Mono path[0] = 'C:/Users/2021.1.3f1/Editor/Data/Managed'
Mono path[1] = 'C:/Users/2021.1.3f1/Editor/Data/MonoBleedingEdge/lib/mono/unityjit'
Mono config path = 'C:/Users/2021.1.3f1/Editor/Data/MonoBleedingEdge/etc'
Using monoOptions --debugger-agent=transport=dt_socket,embedding=1,server=y,suspend=n,address=127.0.0.1:56128
Begin MonoManager ReloadAssembly
Registering precompiled unity dll's ...
Register platform support module: C:/Users/2021.1.3f1/Editor/Data/PlaybackEngines/WindowsStandaloneSupport/UnityEditor.WindowsStandalone.Extensions.dll
Registered in 0.002094 seconds.
Native extension for WindowsStandalone target not found
Refreshing native plugins compatible for Editor in 109.25 ms, found 1 plugins.
Preloading 0 native plugins for Editor in 0.00 ms.
Mono: successfully reloaded assembly
- Completed reload, in  1.754 seconds
Platform modules already initialized, skipping
Registering precompiled user dll's ...
Registered in 0.006245 seconds.
Begin MonoManager ReloadAssembly
Native extension for WindowsStandalone target not found
Refreshing native plugins compatible for Editor in 0.51 ms, found 1 plugins.
Preloading 0 native plugins for Editor in 0.00 ms.
Mono: successfully reloaded assembly
- Completed reload, in  0.980 seconds
Platform modules already initialized, skipping
========================================================================
Worker process is ready to serve import requests
Launched and connected shader compiler UnityShaderCompiler.exe after 0.06 seconds
Refreshing native plugins compatible for Editor in 0.46 ms, found 1 plugins.
Preloading 0 native plugins for Editor in 0.00 ms.
Unloading 2666 Unused Serialized files (Serialized files now loaded: 0)
System memory in use before: 102.5 MB.
System memory in use after: 102.7 MB.

Unloading 15 unused Assets to reduce memory usage. Loaded Objects now: 3118.
Total: 2.411200 ms (FindLiveObjects: 0.228800 ms CreateObjectMapping: 0.169100 ms MarkObjects: 1.949400 ms  DeleteObjects: 0.062800 ms)

========================================================================
Received Import Request.
  path: Assets/test.cs
  artifactKey: Guid(51f2ca1ed8e169347820fc00e91b772e) Importer(2089858483,934ff659095e30574adcf32a4c2f97b5)
Start importing Assets/test.cs using Guid(51f2ca1ed8e169347820fc00e91b772e) Importer(2089858483,934ff659095e30574adcf32a4c2f97b5)  -> (artifact id: 'b302d634794cc22c57464e034c1c6f24') in 0.084143 seconds 
========================================================================
Received Import Request.
  Time since last request: 0.000259 seconds.
  path: Assets/Scenes/SampleScene.unity
  artifactKey: Guid(9fc0d4010bbf28b4594072e72b8655ab) Importer(2089858483,934ff659095e30574adcf32a4c2f97b5)
Start importing Assets/Scenes/SampleScene.unity using Guid(9fc0d4010bbf28b4594072e72b8655ab) Importer(2089858483,934ff659095e30574adcf32a4c2f97b5)  -> (artifact id: '6249bdbccc234bc8704745155e7da802') in 0.006194 seconds 
AssetImportWorkerClient::OnTransportError - code=2 error=End of file
